<?xml version="1.0" encoding="UTF-8"?>
<!-- Generated by org.testng.reporters.JUnitReportReporter -->
<testsuite hostname="lappy" failures="0" tests="1" name="com.demoblaze.testautomation.TestSignUpPage" time="10.713" errors="0" timestamp="2024-09-23T17:13:05 IST" skipped="0">
  <testcase classname="com.demoblaze.testautomation.TestSignUpPage" name="testPage" time="10.713"/>
</testsuite> <!-- com.demoblaze.testautomation.TestSignUpPage -->
