<?xml version="1.0" encoding="UTF-8"?>
<!-- Generated by org.testng.reporters.JUnitReportReporter -->
<testsuite hostname="lappy" failures="0" tests="1" name="com.demoblaze.testautomation.TestAddtoCart" time="16.471" errors="0" timestamp="2024-09-23T16:11:57 IST" skipped="0">
  <testcase classname="com.demoblaze.testautomation.TestAddtoCart" name="testPage" time="16.471"/>
</testsuite> <!-- com.demoblaze.testautomation.TestAddtoCart -->
