<?xml version="1.0" encoding="UTF-8"?>
<!-- Generated by org.testng.reporters.JUnitReportReporter -->
<testsuite hostname="lappy" failures="0" tests="1" name="com.demoblaze.testautomation.TestAppTest" time="6.147" errors="0" timestamp="2024-09-21T18:02:41 IST" skipped="0">
  <testcase classname="com.demoblaze.testautomation.TestAppTest" name="testLogin" time="6.147"/>
</testsuite> <!-- com.demoblaze.testautomation.TestAppTest -->
