<?xml version="1.0" encoding="UTF-8"?>
<!-- Generated by org.testng.reporters.JUnitReportReporter -->
<testsuite hostname="lappy" failures="0" tests="1" name="com.demoblaze.testautomation.TestPlaceOrder" time="22.325" errors="0" timestamp="2024-09-23T16:11:57 IST" skipped="0">
  <testcase classname="com.demoblaze.testautomation.TestPlaceOrder" name="testPage" time="22.325"/>
</testsuite> <!-- com.demoblaze.testautomation.TestPlaceOrder -->
