<?xml version="1.0" encoding="UTF-8"?>
<!-- Generated by org.testng.reporters.JUnitReportReporter -->
<testsuite hostname="lappy" failures="0" tests="1" name="com.demoblaze.testautomation.TestLoginPage" time="4.208" errors="0" timestamp="2024-09-23T19:08:31 IST" skipped="0">
  <testcase classname="com.demoblaze.testautomation.TestLoginPage" name="testPage" time="4.208"/>
</testsuite> <!-- com.demoblaze.testautomation.TestLoginPage -->
